0 info it worked if it ends with ok
1 verbose cli [ '/usr/local/bin/node',
1 verbose cli   '/usr/local/bin/npm',
1 verbose cli   'install',
1 verbose cli   '-g',
1 verbose cli   'cordova' ]
2 info using npm@2.5.1
3 info using node@v0.12.0
4 silly cache add args [ 'cordova', null ]
5 verbose cache add spec cordova
6 silly cache add parsed spec { raw: 'cordova',
6 silly cache add   scope: null,
6 silly cache add   name: 'cordova',
6 silly cache add   rawSpec: '',
6 silly cache add   spec: '*',
6 silly cache add   type: 'range' }
7 verbose addNamed cordova@*
8 silly addNamed semver.valid null
9 silly addNamed semver.validRange *
10 silly addNameRange { name: 'cordova', range: '*', hasData: false }
11 silly mapToRegistry name cordova
12 silly mapToRegistry using default registry
13 silly mapToRegistry registry https://registry.npmjs.org/
14 silly mapToRegistry uri https://registry.npmjs.org/cordova
15 verbose addNameRange registry:https://registry.npmjs.org/cordova not in flight; fetching
16 verbose request uri https://registry.npmjs.org/cordova
17 verbose request no auth needed
18 info attempt registry request try #1 at 23:20:44
19 verbose request id c12b7d1576c426fa
20 http request GET https://registry.npmjs.org/cordova
21 http 200 https://registry.npmjs.org/cordova
22 silly get cb [ 200,
22 silly get   { server: 'CouchDB/1.5.0 (Erlang OTP/R16B03)',
22 silly get     etag: '"48KO6YHTOCVRXRURH5YYDN9WQ"',
22 silly get     'content-type': 'application/json',
22 silly get     'cache-control': 'max-age=60',
22 silly get     'content-length': '363707',
22 silly get     'accept-ranges': 'bytes',
22 silly get     date: 'Mon, 12 Oct 2015 03:20:44 GMT',
22 silly get     via: '1.1 varnish',
22 silly get     age: '21',
22 silly get     connection: 'keep-alive',
22 silly get     'x-served-by': 'cache-iad2126-IAD',
22 silly get     'x-cache': 'HIT',
22 silly get     'x-cache-hits': '1',
22 silly get     'x-timer': 'S1444620044.540789,VS0,VE1',
22 silly get     vary: 'Accept' } ]
23 verbose get saving cordova to /home/trevor/.npm/registry.npmjs.org/cordova/.cache.json
24 verbose getCacheStat cache creation not in flight; initializing
25 silly addNameRange number 2 { name: 'cordova', range: '*', hasData: true }
26 silly addNameRange versions [ 'cordova',
26 silly addNameRange   [ '0.0.1',
26 silly addNameRange     '0.0.2',
26 silly addNameRange     '0.0.3',
26 silly addNameRange     '0.0.4',
26 silly addNameRange     '0.0.5',
26 silly addNameRange     '0.0.6',
26 silly addNameRange     '0.0.7',
26 silly addNameRange     '0.0.8',
26 silly addNameRange     '0.0.9',
26 silly addNameRange     '0.1.0',
26 silly addNameRange     '0.1.1',
26 silly addNameRange     '0.1.2',
26 silly addNameRange     '0.1.3',
26 silly addNameRange     '0.1.4',
26 silly addNameRange     '0.1.5',
26 silly addNameRange     '0.1.6',
26 silly addNameRange     '0.1.7',
26 silly addNameRange     '0.1.8',
26 silly addNameRange     '0.1.9',
26 silly addNameRange     '0.1.10',
26 silly addNameRange     '0.1.11',
26 silly addNameRange     '0.1.12',
26 silly addNameRange     '0.1.13',
26 silly addNameRange     '0.1.14',
26 silly addNameRange     '2.2.0',
26 silly addNameRange     '2.3.0',
26 silly addNameRange     '2.3.1',
26 silly addNameRange     '2.3.2',
26 silly addNameRange     '2.3.3',
26 silly addNameRange     '2.3.5',
26 silly addNameRange     '2.3.6',
26 silly addNameRange     '2.4.0',
26 silly addNameRange     '2.4.1',
26 silly addNameRange     '2.4.2',
26 silly addNameRange     '2.4.3',
26 silly addNameRange     '2.4.4',
26 silly addNameRange     '2.4.5',
26 silly addNameRange     '2.4.6',
26 silly addNameRange     '2.4.7',
26 silly addNameRange     '2.4.8',
26 silly addNameRange     '2.4.9',
26 silly addNameRange     '2.4.10',
26 silly addNameRange     '2.5.0',
26 silly addNameRange     '2.5.2',
26 silly addNameRange     '2.5.3',
26 silly addNameRange     '2.5.4',
26 silly addNameRange     '2.5.5',
26 silly addNameRange     '2.6.0',
26 silly addNameRange     '2.6.1',
26 silly addNameRange     '2.6.2',
26 silly addNameRange     '2.7.0-rc.1',
26 silly addNameRange     '2.7.1-rc.1',
26 silly addNameRange     '2.7.2',
26 silly addNameRange     '2.7.3',
26 silly addNameRange     '2.7.4',
26 silly addNameRange     '2.8.0',
26 silly addNameRange     '2.8.1',
26 silly addNameRange     '2.8.2',
26 silly addNameRange     '2.8.3',
26 silly addNameRange     '2.8.4',
26 silly addNameRange     '2.8.5',
26 silly addNameRange     '2.8.6',
26 silly addNameRange     '2.8.7',
26 silly addNameRange     '2.8.8',
26 silly addNameRange     '2.8.9',
26 silly addNameRange     '2.8.10',
26 silly addNameRange     '2.8.11',
26 silly addNameRange     '2.8.12',
26 silly addNameRange     '2.8.13',
26 silly addNameRange     '2.8.14',
26 silly addNameRange     '2.8.15',
26 silly addNameRange     '2.8.16',
26 silly addNameRange     '2.8.17',
26 silly addNameRange     '2.8.18',
26 silly addNameRange     '2.8.19',
26 silly addNameRange     '2.8.20',
26 silly addNameRange     '2.8.21',
26 silly addNameRange     '2.8.22',
26 silly addNameRange     '2.8.23',
26 silly addNameRange     '2.8.24',
26 silly addNameRange     '2.8.25',
26 silly addNameRange     '2.9.0',
26 silly addNameRange     '2.9.1',
26 silly addNameRange     '2.9.2',
26 silly addNameRange     '2.9.3',
26 silly addNameRange     '2.9.4',
26 silly addNameRange     '2.9.5',
26 silly addNameRange     '2.9.6',
26 silly addNameRange     '2.9.7',
26 silly addNameRange     '3.0.0-rc1',
26 silly addNameRange     '3.0.0-rc1-1',
26 silly addNameRange     '3.0.0-rc1-3',
26 silly addNameRange     '3.0.0',
26 silly addNameRange     '3.0.1',
26 silly addNameRange     '3.0.2',
26 silly addNameRange     '3.0.3',
26 silly addNameRange     '3.0.4',
26 silly addNameRange     '3.0.5',
26 silly addNameRange     '3.0.6',
26 silly addNameRange     '3.0.7',
26 silly addNameRange     '3.0.8',
26 silly addNameRange     '3.0.9',
26 silly addNameRange     '3.0.10',
26 silly addNameRange     '3.1.0-0.1.0',
26 silly addNameRange     '3.1.0-0.2.0',
26 silly addNameRange     '3.2.0-rc.1',
26 silly addNameRange     '3.2.0-0.1.0',
26 silly addNameRange     '3.2.0-0.2.0',
26 silly addNameRange     '3.2.0-0.3.0',
26 silly addNameRange     '3.2.0-0.4.0',
26 silly addNameRange     '3.3.0-rc.1',
26 silly addNameRange     '3.3.0-0.1.1',
26 silly addNameRange     '3.3.1-0.1.2',
26 silly addNameRange     '2.9.0-rc1',
26 silly addNameRange     '3.3.1-0.3.0',
26 silly addNameRange     '3.3.1-0.3.1',
26 silly addNameRange     '3.3.1-0.4.1',
26 silly addNameRange     '3.3.1-0.4.2',
26 silly addNameRange     '3.4.0-0.1.0',
26 silly addNameRange     '3.4.0-0.1.1',
26 silly addNameRange     '3.4.0-0.1.2',
26 silly addNameRange     '3.4.0-0.1.3',
26 silly addNameRange     '0.0.0-fake',
26 silly addNameRange     '3.4.1-0.1.0',
26 silly addNameRange     '3.5.0-0.2.0',
26 silly addNameRange     '3.5.0-0.2.1',
26 silly addNameRange     '3.5.0-0.2.2',
26 silly addNameRange     '3.5.0-0.2.3',
26 silly addNameRange     '3.5.0-0.2.4',
26 silly addNameRange     '3.5.0-0.2.6',
26 silly addNameRange     '3.5.0-0.2.7',
26 silly addNameRange     '3.6.0-0.2.8',
26 silly addNameRange     '3.6.0-0.2.9',
26 silly addNameRange     '3.6.1-0.2.10',
26 silly addNameRange     '3.6.3-0.2.11',
26 silly addNameRange     '3.6.3-0.2.12',
26 silly addNameRange     '3.6.3-0.2.13',
26 silly addNameRange     '4.0.0',
26 silly addNameRange     '4.0.1',
26 silly addNameRange     '4.1.0',
26 silly addNameRange     '4.1.1',
26 silly addNameRange     '4.1.2',
26 silly addNameRange     '4.1.3-nightly.2014.10.21',
26 silly addNameRange     '4.2.0',
26 silly addNameRange     '4.3.0',
26 silly addNameRange     '5.0.0',
26 silly addNameRange     '4.3.1',
26 silly addNameRange     '5.1.1',
26 silly addNameRange     '5.2.0',
26 silly addNameRange     '5.3.1',
26 silly addNameRange     '5.3.3' ] ]
27 verbose addNamed cordova@5.3.3
28 silly addNamed semver.valid 5.3.3
29 silly addNamed semver.validRange 5.3.3
30 silly mapToRegistry name cordova
31 silly mapToRegistry using default registry
32 silly mapToRegistry registry https://registry.npmjs.org/
33 silly mapToRegistry uri https://registry.npmjs.org/cordova
34 verbose addRemoteTarball https://registry.npmjs.org/cordova/-/cordova-5.3.3.tgz not in flight; adding
35 verbose addRemoteTarball [ 'https://registry.npmjs.org/cordova/-/cordova-5.3.3.tgz',
35 verbose addRemoteTarball   'd8933ea57cf4d390a1c86d0b43def76f61fb4d76' ]
36 info retry fetch attempt 1 at 23:20:45
37 info attempt registry request try #1 at 23:20:45
38 http fetch GET https://registry.npmjs.org/cordova/-/cordova-5.3.3.tgz
39 http fetch 200 https://registry.npmjs.org/cordova/-/cordova-5.3.3.tgz
40 silly fetchAndShaCheck shasum d8933ea57cf4d390a1c86d0b43def76f61fb4d76
41 verbose addTmpTarball /tmp/npm-10168-e49a7f8d/registry.npmjs.org/cordova/-/cordova-5.3.3.tgz not in flight; adding
42 verbose addTmpTarball already have metadata; skipping unpack for cordova@5.3.3
43 silly cache afterAdd cordova@5.3.3
44 verbose afterAdd /home/trevor/.npm/cordova/5.3.3/package/package.json not in flight; writing
45 verbose afterAdd /home/trevor/.npm/cordova/5.3.3/package/package.json written
46 silly install resolved [ { name: 'cordova',
46 silly install resolved     version: '5.3.3',
46 silly install resolved     preferGlobal: 'true',
46 silly install resolved     description: 'Cordova command line interface tool',
46 silly install resolved     main: 'cordova',
46 silly install resolved     engines: { node: '>=0.9.9' },
46 silly install resolved     engineStrict: true,
46 silly install resolved     bin: { cordova: './bin/cordova' },
46 silly install resolved     scripts:
46 silly install resolved      { test: 'node node_modules/jasmine-node/bin/jasmine-node --captureExceptions --color spec',
46 silly install resolved        cover: 'node node_modules/istanbul/lib/cli.js cover --root src --print detail node_modules/jasmine-node/bin/jasmine-node -- spec' },
46 silly install resolved     repository:
46 silly install resolved      { type: 'git',
46 silly install resolved        url: 'https://git-wip-us.apache.org/repos/asf/cordova-cli.git' },
46 silly install resolved     bugs:
46 silly install resolved      { url: 'https://issues.apache.org/jira/browse/CB',
46 silly install resolved        email: 'dev@cordova.apache.org' },
46 silly install resolved     keywords: [ 'cordova', 'client', 'cli' ],
46 silly install resolved     dependencies:
46 silly install resolved      { 'cordova-lib': '5.3.3',
46 silly install resolved        q: '1.0.1',
46 silly install resolved        nopt: '3.0.1',
46 silly install resolved        underscore: '1.7.0' },
46 silly install resolved     devDependencies:
46 silly install resolved      { istanbul: '^0.3.4',
46 silly install resolved        grunt: '0.4.5',
46 silly install resolved        'grunt-retire': '0.3.7',
46 silly install resolved        'jasmine-node': '1.14.5' },
46 silly install resolved     author: { name: 'Anis Kadri' },
46 silly install resolved     contributors:
46 silly install resolved      [ [Object],
46 silly install resolved        [Object],
46 silly install resolved        [Object],
46 silly install resolved        [Object],
46 silly install resolved        [Object],
46 silly install resolved        [Object],
46 silly install resolved        [Object],
46 silly install resolved        [Object],
46 silly install resolved        [Object],
46 silly install resolved        [Object],
46 silly install resolved        [Object],
46 silly install resolved        [Object],
46 silly install resolved        [Object],
46 silly install resolved        [Object],
46 silly install resolved        [Object],
46 silly install resolved        [Object],
46 silly install resolved        [Object],
46 silly install resolved        [Object],
46 silly install resolved        [Object],
46 silly install resolved        [Object],
46 silly install resolved        [Object],
46 silly install resolved        [Object],
46 silly install resolved        [Object],
46 silly install resolved        [Object] ],
46 silly install resolved     license: 'Apache version 2.0',
46 silly install resolved     _id: 'cordova@5.3.3',
46 silly install resolved     _shasum: 'd8933ea57cf4d390a1c86d0b43def76f61fb4d76',
46 silly install resolved     _resolved: 'https://registry.npmjs.org/cordova/-/cordova-5.3.3.tgz',
46 silly install resolved     _from: 'cordova@*',
46 silly install resolved     _npmVersion: '2.14.2',
46 silly install resolved     _nodeVersion: '4.0.0',
46 silly install resolved     _npmUser:
46 silly install resolved      { name: 'kotikov.vladimir',
46 silly install resolved        email: 'kotikov.vladimir@gmail.com' },
46 silly install resolved     dist:
46 silly install resolved      { shasum: 'd8933ea57cf4d390a1c86d0b43def76f61fb4d76',
46 silly install resolved        tarball: 'http://registry.npmjs.org/cordova/-/cordova-5.3.3.tgz' },
46 silly install resolved     maintainers:
46 silly install resolved      [ [Object],
46 silly install resolved        [Object],
46 silly install resolved        [Object],
46 silly install resolved        [Object],
46 silly install resolved        [Object],
46 silly install resolved        [Object],
46 silly install resolved        [Object],
46 silly install resolved        [Object],
46 silly install resolved        [Object],
46 silly install resolved        [Object],
46 silly install resolved        [Object],
46 silly install resolved        [Object],
46 silly install resolved        [Object],
46 silly install resolved        [Object],
46 silly install resolved        [Object],
46 silly install resolved        [Object],
46 silly install resolved        [Object],
46 silly install resolved        [Object] ],
46 silly install resolved     directories: {} } ]
47 info install cordova@5.3.3 into /usr/local/lib
48 info installOne cordova@5.3.3
49 verbose installOne of cordova to /usr/local/lib not in flight; installing
50 verbose lock using /home/trevor/.npm/_locks/cordova-fa12e2e096426a32.lock for /usr/local/lib/node_modules/cordova
51 silly install write writing cordova 5.3.3 to /usr/local/lib/node_modules/cordova
52 silly cache addNamed cb cordova@5.3.3
53 verbose unbuild lib/node_modules/cordova
54 verbose gentlyRm vacuuming /usr/local/lib/node_modules/cordova
55 verbose tar unpack /home/trevor/.npm/cordova/5.3.3/package.tgz
56 verbose tar unpacking to /usr/local/lib/node_modules/cordova
57 verbose gentlyRm vacuuming /usr/local/lib/node_modules/cordova
58 silly gunzTarPerm modes [ '755', '644' ]
59 error tar.unpack untar error /home/trevor/.npm/cordova/5.3.3/package.tgz
60 verbose unlock done using /home/trevor/.npm/_locks/cordova-fa12e2e096426a32.lock for /usr/local/lib/node_modules/cordova
61 verbose fstream_path /usr/local/lib/node_modules/cordova
62 verbose fstream_type Directory
63 verbose fstream_class DirWriter
64 verbose stack Error: EACCES, mkdir '/usr/local/lib/node_modules/cordova'
64 verbose stack     at Error (native)
65 verbose fstream_stack /usr/local/lib/node_modules/npm/node_modules/fstream/lib/dir-writer.js:36:23
65 verbose fstream_stack /usr/local/lib/node_modules/npm/node_modules/mkdirp/index.js:46:53
65 verbose fstream_stack FSReqWrap.oncomplete (fs.js:99:15)
66 verbose cwd /home/trevor/Public/agcv/agionic
67 error Linux 3.2.0-4-amd64
68 error argv "/usr/local/bin/node" "/usr/local/bin/npm" "install" "-g" "cordova"
69 error node v0.12.0
70 error npm  v2.5.1
71 error path /usr/local/lib/node_modules/cordova
72 error code EACCES
73 error errno -13
74 error Error: EACCES, mkdir '/usr/local/lib/node_modules/cordova'
74 error     at Error (native)
74 error  { [Error: EACCES, mkdir '/usr/local/lib/node_modules/cordova']
74 error   errno: -13,
74 error   code: 'EACCES',
74 error   path: '/usr/local/lib/node_modules/cordova',
74 error   fstream_type: 'Directory',
74 error   fstream_path: '/usr/local/lib/node_modules/cordova',
74 error   fstream_class: 'DirWriter',
74 error   fstream_stack:
74 error    [ '/usr/local/lib/node_modules/npm/node_modules/fstream/lib/dir-writer.js:36:23',
74 error      '/usr/local/lib/node_modules/npm/node_modules/mkdirp/index.js:46:53',
74 error      'FSReqWrap.oncomplete (fs.js:99:15)' ] }
75 error Please try running this command again as root/Administrator.
76 verbose exit [ -13, true ]
77 verbose unbuild lib/node_modules/cordova
78 verbose gentlyRm vacuuming /usr/local/lib/node_modules/cordova
